[GIN-debug] [WARNING] Running in "debug" mode. Switch to "release" mode in production.
 - using env:	export GIN_MODE=release
 - using code:	gin.SetMode(gin.ReleaseMode)

[GIN-debug] GET    /css/*filepath            --> github.com/gin-gonic/gin.(*RouterGroup).createStaticHandler.func1 (1 handlers)
[GIN-debug] HEAD   /css/*filepath            --> github.com/gin-gonic/gin.(*RouterGroup).createStaticHandler.func1 (1 handlers)
[GIN-debug] Loaded HTML Templates (4): 
	- 
	- footer.html
	- header.html
	- index.html

[GIN-debug] POST   /login                    --> main.main.func1 (4 handlers)
[GIN-debug] GET    /api/videos               --> main.main.func2 (5 handlers)
[GIN-debug] POST   /api/videos               --> main.main.func3 (5 handlers)
[GIN-debug] PUT    /api/videos/:id           --> main.main.func4 (5 handlers)
[GIN-debug] DELETE /api/videos/:id           --> main.main.func5 (5 handlers)
[GIN-debug] GET    /view/videos              --> golang-gin-poc/controller.VideoController.ShowAll-fm (4 handlers)
[GIN-debug] [WARNING] You trusted all proxies, this is NOT safe. We recommend you to set a value.
Please check https://pkg.go.dev/github.com/gin-gonic/gin#readme-don-t-trust-all-proxies for details.
[GIN-debug] Listening and serving HTTP on :8080
::1 - [09 Jun 23 11:41 WIB] POST /login 200 1.384625ms 
::1 - [09 Jun 23 11:42 WIB] GET /api/videos 200 690.666µs 
::1 - [09 Jun 23 11:42 WIB] POST /api/videos 200 3.648792ms 
::1 - [09 Jun 23 11:42 WIB] GET /view/videos 200 2.164042ms 
::1 - [09 Jun 23 11:42 WIB] POST /api/videos 200 3.049333ms 
::1 - [09 Jun 23 11:42 WIB] GET /api/videos 200 906.791µs 
::1 - [09 Jun 23 11:42 WIB] GET /view/videos 200 2.59175ms 
